# JRE version: Java(TM) SE Runtime Environment (8.0_181-b13) (build 1.8.0_181-b13)
# Java VM: Java HotSpot(TM) 64-Bit Server VM (25.181-b13 mixed mode linux-amd64 compressed oops)
Heap:
 def new generation   total 9792K, used 7966K [0x00000000e0a00000, 0x00000000e14a0000, 0x00000000eb150000)
  eden space 8704K,  79% used [0x00000000e0a00000, 0x00000000e10b7ae0, 0x00000000e1280000)
  from space 1088K,  99% used [0x00000000e1390000, 0x00000000e149fff8, 0x00000000e14a0000)
  to   space 1088K,   0% used [0x00000000e1280000, 0x00000000e1280000, 0x00000000e1390000)
 tenured generation   total 21888K, used 5090K [0x00000000eb150000, 0x00000000ec6b0000, 0x0000000100000000)
   the space 21888K,  23% used [0x00000000eb150000, 0x00000000eb6488d8, 0x00000000eb648a00, 0x00000000ec6b0000)
 Metaspace       used 15186K, capacity 15378K, committed 15616K, reserved 1062912K
  class space    used 1810K, capacity 1921K, committed 2048K, reserved 1048576K
GC Heap History (6 events):
Event: 10.963 GC heap before
{Heap before GC invocations=0 (full 0):
 def new generation   total 9792K, used 8704K [0x00000000e0a00000, 0x00000000e14a0000, 0x00000000eb150000)
  eden space 8704K, 100% used [0x00000000e0a00000, 0x00000000e1280000, 0x00000000e1280000)
  from space 1088K,   0% used [0x00000000e1280000, 0x00000000e1280000, 0x00000000e1390000)
  to   space 1088K,   0% used [0x00000000e1390000, 0x00000000e1390000, 0x00000000e14a0000)
 tenured generation   total 21888K, used 0K [0x00000000eb150000, 0x00000000ec6b0000, 0x0000000100000000)
   the space 21888K,   0% used [0x00000000eb150000, 0x00000000eb150000, 0x00000000eb150200, 0x00000000ec6b0000)
 Metaspace       used 8758K, capacity 8932K, committed 9088K, reserved 1056768K
  class space    used 1016K, capacity 1082K, committed 1152K, reserved 1048576K
Event: 11.055 GC heap after
Heap after GC invocations=1 (full 0):
 def new generation   total 9792K, used 1088K [0x00000000e0a00000, 0x00000000e14a0000, 0x00000000eb150000)
  eden space 8704K,   0% used [0x00000000e0a00000, 0x00000000e0a00000, 0x00000000e1280000)
  from space 1088K, 100% used [0x00000000e1390000, 0x00000000e14a0000, 0x00000000e14a0000)
  to   space 1088K,   0% used [0x00000000e1280000, 0x00000000e1280000, 0x00000000e1390000)
 tenured generation   total 21888K, used 1081K [0x00000000eb150000, 0x00000000ec6b0000, 0x0000000100000000)
   the space 21888K,   4% used [0x00000000eb150000, 0x00000000eb25e6e0, 0x00000000eb25e800, 0x00000000ec6b0000)
 Metaspace       used 8758K, capacity 8932K, committed 9088K, reserved 1056768K
  class space    used 1016K, capacity 1082K, committed 1152K, reserved 1048576K
}
Event: 34.490 GC heap before
{Heap before GC invocations=1 (full 0):
 def new generation   total 9792K, used 9792K [0x00000000e0a00000, 0x00000000e14a0000, 0x00000000eb150000)
  eden space 8704K, 100% used [0x00000000e0a00000, 0x00000000e1280000, 0x00000000e1280000)
  from space 1088K, 100% used [0x00000000e1390000, 0x00000000e14a0000, 0x00000000e14a0000)
  to   space 1088K,   0% used [0x00000000e1280000, 0x00000000e1280000, 0x00000000e1390000)
 tenured generation   total 21888K, used 1081K [0x00000000eb150000, 0x00000000ec6b0000, 0x0000000100000000)
   the space 21888K,   4% used [0x00000000eb150000, 0x00000000eb25e6e0, 0x00000000eb25e800, 0x00000000ec6b0000)
 Metaspace       used 12325K, capacity 12524K, committed 12800K, reserved 1060864K
  class space    used 1415K, capacity 1489K, committed 1536K, reserved 1048576K
Event: 35.317 GC heap after
Heap after GC invocations=2 (full 0):
 def new generation   total 9792K, used 1088K [0x00000000e0a00000, 0x00000000e14a0000, 0x00000000eb150000)
  eden space 8704K,   0% used [0x00000000e0a00000, 0x00000000e0a00000, 0x00000000e1280000)
  from space 1088K, 100% used [0x00000000e1280000, 0x00000000e1390000, 0x00000000e1390000)
  to   space 1088K,   0% used [0x00000000e1390000, 0x00000000e1390000, 0x00000000e14a0000)
 tenured generation   total 21888K, used 3498K [0x00000000eb150000, 0x00000000ec6b0000, 0x0000000100000000)
   the space 21888K,  15% used [0x00000000eb150000, 0x00000000eb4ba908, 0x00000000eb4baa00, 0x00000000ec6b0000)
 Metaspace       used 12325K, capacity 12524K, committed 12800K, reserved 1060864K
  class space    used 1415K, capacity 1489K, committed 1536K, reserved 1048576K
}
Event: 47.430 GC heap before
{Heap before GC invocations=2 (full 0):
 def new generation   total 9792K, used 9792K [0x00000000e0a00000, 0x00000000e14a0000, 0x00000000eb150000)
  eden space 8704K, 100% used [0x00000000e0a00000, 0x00000000e1280000, 0x00000000e1280000)
  from space 1088K, 100% used [0x00000000e1280000, 0x00000000e1390000, 0x00000000e1390000)
  to   space 1088K,   0% used [0x00000000e1390000, 0x00000000e1390000, 0x00000000e14a0000)
 tenured generation   total 21888K, used 3498K [0x00000000eb150000, 0x00000000ec6b0000, 0x0000000100000000)
   the space 21888K,  15% used [0x00000000eb150000, 0x00000000eb4ba908, 0x00000000eb4baa00, 0x00000000ec6b0000)
 Metaspace       used 13156K, capacity 13376K, committed 13696K, reserved 1060864K
  class space    used 1492K, capacity 1596K, committed 1664K, reserved 1048576K
Event: 47.651 GC heap after
Heap after GC invocations=3 (full 0):
 def new generation   total 9792K, used 1087K [0x00000000e0a00000, 0x00000000e14a0000, 0x00000000eb150000)
  eden space 8704K,   0% used [0x00000000e0a00000, 0x00000000e0a00000, 0x00000000e1280000)
  from space 1088K,  99% used [0x00000000e1390000, 0x00000000e149fff8, 0x00000000e14a0000)
  to   space 1088K,   0% used [0x00000000e1280000, 0x00000000e1280000, 0x00000000e1390000)
 tenured generation   total 21888K, used 5090K [0x00000000eb150000, 0x00000000ec6b0000, 0x0000000100000000)
   the space 21888K,  23% used [0x00000000eb150000, 0x00000000eb6488d8, 0x00000000eb648a00, 0x00000000ec6b0000)
 Metaspace       used 13156K, capacity 13376K, committed 13696K, reserved 1060864K
  class space    used 1492K, capacity 1596K, committed 1664K, reserved 1048576K
}

